<?xml version="1.0" encoding="UTF-8"?>
<coverage generated="1701718016770" clover="3.2.0">
  <project timestamp="1701718016770" name="All files">
    <metrics statements="30" coveredstatements="24" conditionals="6" coveredconditionals="4" methods="9" coveredmethods="6" elements="45" coveredelements="34" complexity="0" loc="30" ncloc="30" packages="2" files="3" classes="3"/>
    <package name="login">
      <metrics statements="22" coveredstatements="20" conditionals="4" coveredconditionals="3" methods="4" coveredmethods="4"/>
      <file name="form.tsx" path="C:\Users\Laptop\Desktop\Verbum2\frontend\chat\src\assets\Componentes\login\form.tsx">
        <metrics statements="22" coveredstatements="20" conditionals="4" coveredconditionals="3" methods="4" coveredmethods="4"/>
        <line num="9" count="4" type="stmt"/>
        <line num="10" count="4" type="stmt"/>
        <line num="11" count="4" type="stmt"/>
        <line num="14" count="4" type="stmt"/>
        <line num="15" count="1" type="stmt"/>
        <line num="18" count="4" type="stmt"/>
        <line num="19" count="1" type="stmt"/>
        <line num="22" count="4" type="stmt"/>
        <line num="23" count="1" type="stmt"/>
        <line num="25" count="1" type="stmt"/>
        <line num="26" count="1" type="stmt"/>
        <line num="36" count="1" type="cond" truecount="1" falsecount="1"/>
        <line num="37" count="1" type="stmt"/>
        <line num="38" count="1" type="stmt"/>
        <line num="39" count="1" type="stmt"/>
        <line num="40" count="1" type="stmt"/>
        <line num="41" count="1" type="stmt"/>
        <line num="44" count="0" type="stmt"/>
        <line num="48" count="0" type="stmt"/>
        <line num="52" count="4" type="cond" truecount="2" falsecount="0"/>
        <line num="53" count="1" type="stmt"/>
        <line num="57" count="3" type="stmt"/>
      </file>
    </package>
    <package name="login.forgotpassword">
      <metrics statements="8" coveredstatements="4" conditionals="2" coveredconditionals="1" methods="5" coveredmethods="2"/>
      <file name="forgotpassword.tsx" path="C:\Users\Laptop\Desktop\Verbum2\frontend\chat\src\assets\Componentes\login\forgotpassword\forgotpassword.tsx">
        <metrics statements="4" coveredstatements="2" conditionals="2" coveredconditionals="1" methods="2" coveredmethods="1"/>
        <line num="11" count="3" type="cond" truecount="1" falsecount="1"/>
        <line num="12" count="3" type="stmt"/>
        <line num="15" count="0" type="stmt"/>
        <line num="18" count="0" type="stmt"/>
      </file>
      <file name="openmodal.tsx" path="C:\Users\Laptop\Desktop\Verbum2\frontend\chat\src\assets\Componentes\login\forgotpassword\openmodal.tsx">
        <metrics statements="4" coveredstatements="2" conditionals="0" coveredconditionals="0" methods="3" coveredmethods="1"/>
        <line num="5" count="3" type="stmt"/>
        <line num="6" count="3" type="stmt"/>
        <line num="9" count="0" type="stmt"/>
        <line num="14" count="0" type="stmt"/>
      </file>
    </package>
  </project>
</coverage>
