{"C:\\Users\\Laptop\\Desktop\\Verbum2\\frontend\\chat\\src\\assets\\Componentes\\login\\form.tsx": {"path":"C:\\Users\\Laptop\\Desktop\\Verbum2\\frontend\\chat\\src\\assets\\Componentes\\login\\form.tsx","statementMap":{"0":{"start":{"line":9,"column":28},"end":{"line":9,"column":40}},"1":{"start":{"line":10,"column":34},"end":{"line":10,"column":46}},"2":{"start":{"line":11,"column":34},"end":{"line":11,"column":51}},"3":{"start":{"line":14,"column":28},"end":{"line":16,"column":3}},"4":{"start":{"line":15,"column":4},"end":{"line":15,"column":29}},"5":{"start":{"line":18,"column":31},"end":{"line":20,"column":3}},"6":{"start":{"line":19,"column":4},"end":{"line":19,"column":32}},"7":{"start":{"line":22,"column":23},"end":{"line":50,"column":3}},"8":{"start":{"line":23,"column":4},"end":{"line":23,"column":23}},"9":{"start":{"line":25,"column":4},"end":{"line":49,"column":5}},"10":{"start":{"line":26,"column":23},"end":{"line":32,"column":8}},"11":{"start":{"line":36,"column":6},"end":{"line":46,"column":7}},"12":{"start":{"line":37,"column":8},"end":{"line":37,"column":40}},"13":{"start":{"line":38,"column":8},"end":{"line":38,"column":26}},"14":{"start":{"line":39,"column":21},"end":{"line":39,"column":42}},"15":{"start":{"line":40,"column":22},"end":{"line":40,"column":32}},"16":{"start":{"line":41,"column":8},"end":{"line":41,"column":45}},"17":{"start":{"line":44,"column":8},"end":{"line":44,"column":41}},"18":{"start":{"line":48,"column":6},"end":{"line":48,"column":60}},"19":{"start":{"line":52,"column":2},"end":{"line":54,"column":3}},"20":{"start":{"line":53,"column":4},"end":{"line":53,"column":35}},"21":{"start":{"line":57,"column":2},"end":{"line":104,"column":4}}},"fnMap":{"0":{"name":"LoginForm","decl":{"start":{"line":8,"column":25},"end":{"line":8,"column":34}},"loc":{"start":{"line":8,"column":37},"end":{"line":105,"column":1}},"line":8},"1":{"name":"(anonymous_1)","decl":{"start":{"line":14,"column":28},"end":{"line":14,"column":29}},"loc":{"start":{"line":14,"column":84},"end":{"line":16,"column":3}},"line":14},"2":{"name":"(anonymous_2)","decl":{"start":{"line":18,"column":31},"end":{"line":18,"column":32}},"loc":{"start":{"line":18,"column":87},"end":{"line":20,"column":3}},"line":18},"3":{"name":"(anonymous_3)","decl":{"start":{"line":22,"column":23},"end":{"line":22,"column":24}},"loc":{"start":{"line":22,"column":69},"end":{"line":50,"column":3}},"line":22}},"branchMap":{"0":{"loc":{"start":{"line":36,"column":6},"end":{"line":46,"column":7}},"type":"if","locations":[{"start":{"line":36,"column":6},"end":{"line":46,"column":7}},{"start":{"line":43,"column":12},"end":{"line":46,"column":7}}],"line":36},"1":{"loc":{"start":{"line":52,"column":2},"end":{"line":54,"column":3}},"type":"if","locations":[{"start":{"line":52,"column":2},"end":{"line":54,"column":3}},{"start":{},"end":{}}],"line":52}},"s":{"0":4,"1":4,"2":4,"3":4,"4":1,"5":4,"6":1,"7":4,"8":1,"9":1,"10":1,"11":1,"12":1,"13":1,"14":1,"15":1,"16":1,"17":0,"18":0,"19":4,"20":1,"21":3},"f":{"0":4,"1":1,"2":1,"3":1},"b":{"0":[1,0],"1":[1,3]},"_coverageSchema":"1a1c01bbd47fc00a2c39e90264f33305004495a9","hash":"ab85523f8da7b3b0414036934e1a568c63bcb94e"}
,"C:\\Users\\Laptop\\Desktop\\Verbum2\\frontend\\chat\\src\\assets\\Componentes\\login\\forgotpassword\\forgotpassword.tsx": {"path":"C:\\Users\\Laptop\\Desktop\\Verbum2\\frontend\\chat\\src\\assets\\Componentes\\login\\forgotpassword\\forgotpassword.tsx","statementMap":{"0":{"start":{"line":11,"column":2},"end":{"line":13,"column":3}},"1":{"start":{"line":12,"column":6},"end":{"line":12,"column":18}},"2":{"start":{"line":15,"column":2},"end":{"line":44,"column":4}},"3":{"start":{"line":18,"column":31},"end":{"line":18,"column":50}}},"fnMap":{"0":{"name":"Modal","decl":{"start":{"line":6,"column":16},"end":{"line":6,"column":21}},"loc":{"start":{"line":10,"column":3},"end":{"line":45,"column":1}},"line":10},"1":{"name":"(anonymous_1)","decl":{"start":{"line":18,"column":24},"end":{"line":18,"column":25}},"loc":{"start":{"line":18,"column":31},"end":{"line":18,"column":50}},"line":18}},"branchMap":{"0":{"loc":{"start":{"line":11,"column":2},"end":{"line":13,"column":3}},"type":"if","locations":[{"start":{"line":11,"column":2},"end":{"line":13,"column":3}},{"start":{},"end":{}}],"line":11}},"s":{"0":3,"1":3,"2":0,"3":0},"f":{"0":3,"1":0},"b":{"0":[3,0]},"_coverageSchema":"1a1c01bbd47fc00a2c39e90264f33305004495a9","hash":"cf200fe3e1ac28f86726fdafc8f0a77fed028a60"}
,"C:\\Users\\Laptop\\Desktop\\Verbum2\\frontend\\chat\\src\\assets\\Componentes\\login\\forgotpassword\\openmodal.tsx": {"path":"C:\\Users\\Laptop\\Desktop\\Verbum2\\frontend\\chat\\src\\assets\\Componentes\\login\\forgotpassword\\openmodal.tsx","statementMap":{"0":{"start":{"line":5,"column":26},"end":{"line":5,"column":41}},"1":{"start":{"line":6,"column":2},"end":{"line":17,"column":5}},"2":{"start":{"line":9,"column":19},"end":{"line":9,"column":32}},"3":{"start":{"line":14,"column":28},"end":{"line":14,"column":42}}},"fnMap":{"0":{"name":"ModalShow","decl":{"start":{"line":4,"column":16},"end":{"line":4,"column":25}},"loc":{"start":{"line":4,"column":28},"end":{"line":18,"column":1}},"line":4},"1":{"name":"(anonymous_1)","decl":{"start":{"line":9,"column":13},"end":{"line":9,"column":14}},"loc":{"start":{"line":9,"column":19},"end":{"line":9,"column":32}},"line":9},"2":{"name":"(anonymous_2)","decl":{"start":{"line":14,"column":22},"end":{"line":14,"column":23}},"loc":{"start":{"line":14,"column":28},"end":{"line":14,"column":42}},"line":14}},"branchMap":{},"s":{"0":3,"1":3,"2":0,"3":0},"f":{"0":3,"1":0,"2":0},"b":{},"_coverageSchema":"1a1c01bbd47fc00a2c39e90264f33305004495a9","hash":"6cc44c1599f4484e9c40b1d5221d8bfec883a2b4"}
}
