{"C:\\Users\\Administrator\\Desktop\\Alondra\\Verbum\\frontend\\chat\\src\\assets\\__testing__\\suma.ts": {"path":"C:\\Users\\Administrator\\Desktop\\Alondra\\Verbum\\frontend\\chat\\src\\assets\\__testing__\\suma.ts","statementMap":{"0":{"start":{"line":2,"column":4},"end":{"line":2,"column":17}}},"fnMap":{"0":{"name":"sum","decl":{"start":{"line":1,"column":16},"end":{"line":1,"column":19}},"loc":{"start":{"line":1,"column":50},"end":{"line":3,"column":3}},"line":1}},"branchMap":{},"s":{"0":2},"f":{"0":2},"b":{},"_coverageSchema":"1a1c01bbd47fc00a2c39e90264f33305004495a9","hash":"eea4c4461e53b1ddaf82ce35ba6d5059fb38b398"}
}
