TN:
SF:src\assets\Componentes\login\form.tsx
FN:8,LoginForm
FN:14,(anonymous_1)
FN:18,(anonymous_2)
FN:22,(anonymous_3)
FNF:4
FNH:4
FNDA:4,LoginForm
FNDA:1,(anonymous_1)
FNDA:1,(anonymous_2)
FNDA:1,(anonymous_3)
DA:9,4
DA:10,4
DA:11,4
DA:14,4
DA:15,1
DA:18,4
DA:19,1
DA:22,4
DA:23,1
DA:25,1
DA:26,1
DA:36,1
DA:37,1
DA:38,1
DA:39,1
DA:40,1
DA:41,1
DA:44,0
DA:48,0
DA:52,4
DA:53,1
DA:57,3
LF:22
LH:20
BRDA:36,0,0,1
BRDA:36,0,1,0
BRDA:52,1,0,1
BRDA:52,1,1,3
BRF:4
BRH:3
end_of_record
TN:
SF:src\assets\Componentes\login\forgotpassword\forgotpassword.tsx
FN:6,Modal
FN:18,(anonymous_1)
FNF:2
FNH:1
FNDA:3,Modal
FNDA:0,(anonymous_1)
DA:11,3
DA:12,3
DA:15,0
DA:18,0
LF:4
LH:2
BRDA:11,0,0,3
BRDA:11,0,1,0
BRF:2
BRH:1
end_of_record
TN:
SF:src\assets\Componentes\login\forgotpassword\openmodal.tsx
FN:4,ModalShow
FN:9,(anonymous_1)
FN:14,(anonymous_2)
FNF:3
FNH:1
FNDA:3,ModalShow
FNDA:0,(anonymous_1)
FNDA:0,(anonymous_2)
DA:5,3
DA:6,3
DA:9,0
DA:14,0
LF:4
LH:2
BRF:0
BRH:0
end_of_record
