TN:
SF:src\assets\Componentes\login\forgotpassword\forgotpassword.tsx
FN:6,Modal
FN:18,(anonymous_1)
FNF:2
FNH:0
FNDA:0,Modal
FNDA:0,(anonymous_1)
DA:11,0
DA:12,0
DA:15,0
DA:18,0
LF:4
LH:0
BRDA:11,0,0,0
BRDA:11,0,1,0
BRF:2
BRH:0
end_of_record
TN:
SF:src\assets\Componentes\login\forgotpassword\openmodal.tsx
FN:4,ModalShow
FN:9,(anonymous_1)
FN:14,(anonymous_2)
FNF:3
FNH:0
FNDA:0,ModalShow
FNDA:0,(anonymous_1)
FNDA:0,(anonymous_2)
DA:5,0
DA:6,0
DA:9,0
DA:14,0
LF:4
LH:0
BRF:0
BRH:0
end_of_record
TN:
SF:src\assets\Componentes\login\forms\form.tsx
FN:7,LoginForm
FN:15,(anonymous_1)
FN:16,(anonymous_2)
FN:21,(anonymous_3)
FN:26,(anonymous_4)
FN:30,(anonymous_5)
FN:34,(anonymous_6)
FNF:7
FNH:1
FNDA:5,LoginForm
FNDA:0,(anonymous_1)
FNDA:0,(anonymous_2)
FNDA:0,(anonymous_3)
FNDA:0,(anonymous_4)
FNDA:0,(anonymous_5)
FNDA:0,(anonymous_6)
DA:8,5
DA:9,4
DA:10,4
DA:12,4
DA:13,0
DA:15,0
DA:16,0
DA:17,0
DA:18,0
DA:21,0
DA:22,0
DA:26,0
DA:27,0
DA:30,0
DA:31,0
DA:34,0
DA:35,0
DA:37,0
DA:38,0
DA:46,0
DA:47,0
DA:48,0
DA:49,0
DA:50,0
DA:51,0
DA:52,0
DA:54,0
DA:55,0
DA:58,0
DA:62,0
DA:63,0
DA:67,0
LF:32
LH:4
BRDA:46,0,0,0
BRDA:46,0,1,0
BRDA:62,1,0,0
BRDA:62,1,1,0
BRF:4
BRH:0
end_of_record
TN:
SF:src\assets\Componentes\token\jwtoken.tsx
FN:1,parseJwt
FN:4,(anonymous_1)
FNF:2
FNH:0
FNDA:0,parseJwt
FNDA:0,(anonymous_1)
DA:2,0
DA:3,0
DA:4,0
DA:5,0
DA:7,0
LF:5
LH:0
BRF:0
BRH:0
end_of_record
TN:
SF:src\assets\Componentes\token\auth\authprovider.tsx
FN:12,(anonymous_0)
FN:15,(anonymous_1)
FN:19,(anonymous_2)
FN:30,(anonymous_3)
FN:40,(anonymous_4)
FNF:5
FNH:1
FNDA:0,(anonymous_0)
FNDA:0,(anonymous_1)
FNDA:0,(anonymous_2)
FNDA:0,(anonymous_3)
FNDA:4,(anonymous_4)
DA:10,1
DA:12,1
DA:13,0
DA:15,0
DA:16,0
DA:19,0
DA:20,0
DA:21,0
DA:22,0
DA:24,0
DA:25,0
DA:29,0
DA:30,0
DA:37,0
DA:40,1
DA:41,4
DA:42,4
DA:43,4
DA:45,0
LF:19
LH:6
BRDA:20,0,0,0
BRDA:20,0,1,0
BRDA:42,1,0,4
BRDA:42,1,1,0
BRF:4
BRH:1
end_of_record
